Message : Object reference not set to an instance of an object.At Line No. 0 Col 0
Exception : Object reference not set to an instance of an object.
LogDate : 09-07-2017 12:41:51 PM
---------------------------------------------------------------------------------------
Message : Invalid operation. The connection is closed.At Line No. 0 Col 0
Exception : Invalid operation. The connection is closed.
LogDate : 09-07-2017 02:11:52 PM
---------------------------------------------------------------------------------------
Message : ProductBLL -  UpdateProductEntityProduct entProduct)At Line No. 0 Col 0
Exception : Procedure or function sp_UpdateProduct has too many arguments specified.
LogDate : 17-07-2017 11:27:53 PM
---------------------------------------------------------------------------------------
Message : ProductBLL -  UpdateProductEntityProduct entProduct)At Line No. 0 Col 0
Exception : Procedure or function sp_UpdateProduct has too many arguments specified.
LogDate : 17-07-2017 11:32:03 PM
---------------------------------------------------------------------------------------
Message : ProductBLL -  UpdateProductEntityProduct entProduct)At Line No. 0 Col 0
Exception : Procedure or function 'sp_UpdateProduct' expects parameter '@ProductContent', which was not supplied.
LogDate : 17-07-2017 11:41:27 PM
---------------------------------------------------------------------------------------
