Message : frmShiftAllocation -  dgvData_RowDataBound(object sender, GridViewRowEventArgs e)At Line No. 0 Col 0
Exception : Specified argument was out of the range of valid values.
Parameter name: index
LogDate : 11-04-2017 10:55:27 PM
User Name : 
----------------------------------------------------------------------------------------------------
Message : frmShiftAllocation -  dgvData_RowDataBound(object sender, GridViewRowEventArgs e)At Line No. 0 Col 0
Exception : Specified argument was out of the range of valid values.
Parameter name: index
LogDate : 11-04-2017 10:55:27 PM
User Name : 
----------------------------------------------------------------------------------------------------
Message : frmShiftAllocation -  dgvData_RowDataBound(object sender, GridViewRowEventArgs e)At Line No. 0 Col 0
Exception : Specified argument was out of the range of valid values.
Parameter name: index
LogDate : 11-04-2017 10:55:27 PM
User Name : 
----------------------------------------------------------------------------------------------------
Message : frmShiftAllocation -  dgvData_RowDataBound(object sender, GridViewRowEventArgs e)At Line No. 0 Col 0
Exception : Specified argument was out of the range of valid values.
Parameter name: index
LogDate : 11-04-2017 10:55:27 PM
User Name : 
----------------------------------------------------------------------------------------------------
Message : frmShiftAllocation -  dgvData_RowDataBound(object sender, GridViewRowEventArgs e)At Line No. 0 Col 0
Exception : Specified argument was out of the range of valid values.
Parameter name: index
LogDate : 11-04-2017 10:55:27 PM
User Name : 
----------------------------------------------------------------------------------------------------
Message : frmShiftAllocation -  dgvData_RowDataBound(object sender, GridViewRowEventArgs e)At Line No. 0 Col 0
Exception : Specified argument was out of the range of valid values.
Parameter name: index
LogDate : 11-04-2017 10:55:27 PM
User Name : 
----------------------------------------------------------------------------------------------------
Message : frmShiftAllocation -  dgvData_RowDataBound(object sender, GridViewRowEventArgs e)At Line No. 0 Col 0
Exception : Specified argument was out of the range of valid values.
Parameter name: index
LogDate : 11-04-2017 10:55:27 PM
User Name : 
----------------------------------------------------------------------------------------------------
Message : frmShiftAllocation -  dgvData_RowDataBound(object sender, GridViewRowEventArgs e)At Line No. 0 Col 0
Exception : Specified argument was out of the range of valid values.
Parameter name: index
LogDate : 11-04-2017 10:55:27 PM
User Name : 
----------------------------------------------------------------------------------------------------
Message : frmShiftAllocation -  dgvData_RowDataBound(object sender, GridViewRowEventArgs e)At Line No. 0 Col 0
Exception : Specified argument was out of the range of valid values.
Parameter name: index
LogDate : 11-04-2017 10:55:27 PM
User Name : 
----------------------------------------------------------------------------------------------------
Message : frmShiftAllocation -  dgvData_RowDataBound(object sender, GridViewRowEventArgs e)At Line No. 0 Col 0
Exception : Specified argument was out of the range of valid values.
Parameter name: index
LogDate : 11-04-2017 10:55:27 PM
User Name : 
----------------------------------------------------------------------------------------------------
Message : frmShiftAllocation -  dgvData_RowDataBound(object sender, GridViewRowEventArgs e)At Line No. 0 Col 0
Exception : Specified argument was out of the range of valid values.
Parameter name: index
LogDate : 11-04-2017 10:55:27 PM
User Name : 
----------------------------------------------------------------------------------------------------
Message : frmShiftAllocation -  dgvData_RowDataBound(object sender, GridViewRowEventArgs e)At Line No. 0 Col 0
Exception : Specified argument was out of the range of valid values.
Parameter name: index
LogDate : 11-04-2017 10:55:27 PM
User Name : 
----------------------------------------------------------------------------------------------------
Message : frmShiftAllocation -  dgvData_RowDataBound(object sender, GridViewRowEventArgs e)At Line No. 0 Col 0
Exception : Specified argument was out of the range of valid values.
Parameter name: index
LogDate : 11-04-2017 10:55:27 PM
User Name : 
----------------------------------------------------------------------------------------------------
Message : frmShiftAllocation -  dgvData_RowDataBound(object sender, GridViewRowEventArgs e)At Line No. 0 Col 0
Exception : Specified argument was out of the range of valid values.
Parameter name: index
LogDate : 11-04-2017 10:55:27 PM
User Name : 
----------------------------------------------------------------------------------------------------
Message : frmShiftAllocation -  dgvData_RowDataBound(object sender, GridViewRowEventArgs e)At Line No. 0 Col 0
Exception : Specified argument was out of the range of valid values.
Parameter name: index
LogDate : 11-04-2017 10:55:27 PM
User Name : 
----------------------------------------------------------------------------------------------------
Message : frmShiftAllocation -  dgvData_RowDataBound(object sender, GridViewRowEventArgs e)At Line No. 0 Col 0
Exception : Specified argument was out of the range of valid values.
Parameter name: index
LogDate : 11-04-2017 10:55:27 PM
User Name : 
----------------------------------------------------------------------------------------------------
Message : frmShiftAllocation -  dgvData_RowDataBound(object sender, GridViewRowEventArgs e)At Line No. 0 Col 0
Exception : Specified argument was out of the range of valid values.
Parameter name: index
LogDate : 11-04-2017 10:55:27 PM
User Name : 
----------------------------------------------------------------------------------------------------
Message : frmShiftAllocation -  dgvData_RowDataBound(object sender, GridViewRowEventArgs e)At Line No. 0 Col 0
Exception : Specified argument was out of the range of valid values.
Parameter name: index
LogDate : 11-04-2017 10:55:27 PM
User Name : 
----------------------------------------------------------------------------------------------------
Message : frmShiftAllocation -  dgvData_RowDataBound(object sender, GridViewRowEventArgs e)At Line No. 0 Col 0
Exception : Specified argument was out of the range of valid values.
Parameter name: index
LogDate : 11-04-2017 10:55:27 PM
User Name : 
----------------------------------------------------------------------------------------------------
Message : frmShiftAllocation -  dgvData_RowDataBound(object sender, GridViewRowEventArgs e)At Line No. 0 Col 0
Exception : Specified argument was out of the range of valid values.
Parameter name: index
LogDate : 11-04-2017 10:55:27 PM
User Name : 
----------------------------------------------------------------------------------------------------
Message : frmShiftAllocation -  dgvData_RowDataBound(object sender, GridViewRowEventArgs e)At Line No. 0 Col 0
Exception : Specified argument was out of the range of valid values.
Parameter name: index
LogDate : 11-04-2017 10:55:27 PM
User Name : 
----------------------------------------------------------------------------------------------------
Message : frmShiftAllocation -  dgvData_RowDataBound(object sender, GridViewRowEventArgs e)At Line No. 0 Col 0
Exception : Specified argument was out of the range of valid values.
Parameter name: index
LogDate : 11-04-2017 10:55:27 PM
User Name : 
----------------------------------------------------------------------------------------------------
Message : frmShiftAllocation -  dgvData_RowDataBound(object sender, GridViewRowEventArgs e)At Line No. 0 Col 0
Exception : Specified argument was out of the range of valid values.
Parameter name: index
LogDate : 11-04-2017 10:55:27 PM
User Name : 
----------------------------------------------------------------------------------------------------
Message : frmShiftAllocation -  dgvData_RowDataBound(object sender, GridViewRowEventArgs e)At Line No. 0 Col 0
Exception : Specified argument was out of the range of valid values.
Parameter name: index
LogDate : 11-04-2017 10:55:27 PM
User Name : 
----------------------------------------------------------------------------------------------------
Message : frmShiftAllocation -  dgvData_RowDataBound(object sender, GridViewRowEventArgs e)At Line No. 0 Col 0
Exception : Specified argument was out of the range of valid values.
Parameter name: index
LogDate : 11-04-2017 10:55:27 PM
User Name : 
----------------------------------------------------------------------------------------------------
Message : frmShiftAllocation -  dgvData_RowDataBound(object sender, GridViewRowEventArgs e)At Line No. 0 Col 0
Exception : Specified argument was out of the range of valid values.
Parameter name: index
LogDate : 11-04-2017 10:55:27 PM
User Name : 
----------------------------------------------------------------------------------------------------
Message : frmShiftAllocation -  dgvData_RowDataBound(object sender, GridViewRowEventArgs e)At Line No. 0 Col 0
Exception : Specified argument was out of the range of valid values.
Parameter name: index
LogDate : 11-04-2017 10:55:27 PM
User Name : 
----------------------------------------------------------------------------------------------------
Message : frmShiftAllocation -  dgvData_RowDataBound(object sender, GridViewRowEventArgs e)At Line No. 0 Col 0
Exception : Specified argument was out of the range of valid values.
Parameter name: index
LogDate : 11-04-2017 10:55:27 PM
User Name : 
----------------------------------------------------------------------------------------------------
Message : frmShiftAllocation -  dgvData_RowDataBound(object sender, GridViewRowEventArgs e)At Line No. 0 Col 0
Exception : Specified argument was out of the range of valid values.
Parameter name: index
LogDate : 11-04-2017 10:55:27 PM
User Name : 
----------------------------------------------------------------------------------------------------
Message : frmShiftAllocation -  dgvData_RowDataBound(object sender, GridViewRowEventArgs e)At Line No. 0 Col 0
Exception : Specified argument was out of the range of valid values.
Parameter name: index
LogDate : 11-04-2017 10:55:27 PM
User Name : 
----------------------------------------------------------------------------------------------------
Message : frmShiftAllocation -  dgvData_RowDataBound(object sender, GridViewRowEventArgs e)At Line No. 0 Col 0
Exception : Specified argument was out of the range of valid values.
Parameter name: index
LogDate : 11-04-2017 10:55:27 PM
User Name : 
----------------------------------------------------------------------------------------------------
Message : frmShiftAllocation -  dgvData_RowDataBound(object sender, GridViewRowEventArgs e)At Line No. 0 Col 0
Exception : Specified argument was out of the range of valid values.
Parameter name: index
LogDate : 11-04-2017 10:55:27 PM
User Name : 
----------------------------------------------------------------------------------------------------
Message : frmShiftAllocation -  dgvData_RowDataBound(object sender, GridViewRowEventArgs e)At Line No. 0 Col 0
Exception : Specified argument was out of the range of valid values.
Parameter name: index
LogDate : 11-04-2017 10:55:27 PM
User Name : 
----------------------------------------------------------------------------------------------------
Message : frmTestMethodMaster -  dgvData_RowDataBound(object sender, GridViewRowEventArgs e)At Line No. 0 Col 0
Exception : Object reference not set to an instance of an object.
LogDate : 11-04-2017 11:08:34 PM
User Name : 
-----------------------------------------------------------------------------------------------------
Message : frmDepartmentMaster -  dgvData_RowDataBound(object sender, GridViewRowEventArgs e)At Line No. 0 Col 0
Exception : Object reference not set to an instance of an object.
LogDate : 15-04-2017 01:23:47 PM
User Name : 
-----------------------------------------------------------------------------------------------------
Message : frmDepartmentMaster -  dgvData_RowDataBound(object sender, GridViewRowEventArgs e)At Line No. 0 Col 0
Exception : Object reference not set to an instance of an object.
LogDate : 15-04-2017 01:23:47 PM
User Name : 
-----------------------------------------------------------------------------------------------------
Message : frmDepartmentMaster -  dgvData_RowDataBound(object sender, GridViewRowEventArgs e)At Line No. 0 Col 0
Exception : Object reference not set to an instance of an object.
LogDate : 15-04-2017 01:23:47 PM
User Name : 
-----------------------------------------------------------------------------------------------------
Message : frmDepartmentMaster -  dgvData_RowDataBound(object sender, GridViewRowEventArgs e)At Line No. 0 Col 0
Exception : Object reference not set to an instance of an object.
LogDate : 15-04-2017 01:23:47 PM
User Name : 
-----------------------------------------------------------------------------------------------------
Message : frmDepartmentMaster -  dgvData_RowDataBound(object sender, GridViewRowEventArgs e)At Line No. 0 Col 0
Exception : Object reference not set to an instance of an object.
LogDate : 15-04-2017 01:23:47 PM
User Name : 
-----------------------------------------------------------------------------------------------------
Message : frmDepartmentMaster -  dgvData_RowDataBound(object sender, GridViewRowEventArgs e)At Line No. 0 Col 0
Exception : Object reference not set to an instance of an object.
LogDate : 15-04-2017 01:23:47 PM
User Name : 
-----------------------------------------------------------------------------------------------------
Message : frmDepartmentMaster -  dgvData_RowDataBound(object sender, GridViewRowEventArgs e)At Line No. 0 Col 0
Exception : Object reference not set to an instance of an object.
LogDate : 15-04-2017 01:23:47 PM
User Name : 
-----------------------------------------------------------------------------------------------------
Message : frmDepartmentMaster -  dgvData_RowDataBound(object sender, GridViewRowEventArgs e)At Line No. 0 Col 0
Exception : Object reference not set to an instance of an object.
LogDate : 15-04-2017 07:27:05 PM
User Name : 
-----------------------------------------------------------------------------------------------------
Message : frmDepartmentMaster -  dgvData_RowDataBound(object sender, GridViewRowEventArgs e)At Line No. 0 Col 0
Exception : Object reference not set to an instance of an object.
LogDate : 15-04-2017 07:27:05 PM
User Name : 
-----------------------------------------------------------------------------------------------------
Message : frmDepartmentMaster -  dgvData_RowDataBound(object sender, GridViewRowEventArgs e)At Line No. 0 Col 0
Exception : Object reference not set to an instance of an object.
LogDate : 15-04-2017 07:27:05 PM
User Name : 
-----------------------------------------------------------------------------------------------------
Message : frmDepartmentMaster -  dgvData_RowDataBound(object sender, GridViewRowEventArgs e)At Line No. 0 Col 0
Exception : Object reference not set to an instance of an object.
LogDate : 15-04-2017 07:27:05 PM
User Name : 
-----------------------------------------------------------------------------------------------------
Message : frmDepartmentMaster -  dgvData_RowDataBound(object sender, GridViewRowEventArgs e)At Line No. 0 Col 0
Exception : Object reference not set to an instance of an object.
LogDate : 15-04-2017 07:27:05 PM
User Name : 
-----------------------------------------------------------------------------------------------------
Message : frmDepartmentMaster -  dgvData_RowDataBound(object sender, GridViewRowEventArgs e)At Line No. 0 Col 0
Exception : Object reference not set to an instance of an object.
LogDate : 15-04-2017 07:27:05 PM
User Name : 
-----------------------------------------------------------------------------------------------------
Message : frmDepartmentMaster -  dgvData_RowDataBound(object sender, GridViewRowEventArgs e)At Line No. 0 Col 0
Exception : Object reference not set to an instance of an object.
LogDate : 15-04-2017 07:27:05 PM
User Name : 
-----------------------------------------------------------------------------------------------------
Message : frmDepartmentMaster -  dgvData_RowDataBound(object sender, GridViewRowEventArgs e)At Line No. 0 Col 0
Exception : Object reference not set to an instance of an object.
LogDate : 16-04-2017 12:27:52 AM
User Name : 
-----------------------------------------------------------------------------------------------------
Message : frmDepartmentMaster -  dgvData_RowDataBound(object sender, GridViewRowEventArgs e)At Line No. 0 Col 0
Exception : Object reference not set to an instance of an object.
LogDate : 16-04-2017 12:27:52 AM
User Name : 
-----------------------------------------------------------------------------------------------------
Message : frmDepartmentMaster -  dgvData_RowDataBound(object sender, GridViewRowEventArgs e)At Line No. 0 Col 0
Exception : Object reference not set to an instance of an object.
LogDate : 16-04-2017 12:27:52 AM
User Name : 
-----------------------------------------------------------------------------------------------------
Message : frmDepartmentMaster -  dgvData_RowDataBound(object sender, GridViewRowEventArgs e)At Line No. 0 Col 0
Exception : Object reference not set to an instance of an object.
LogDate : 16-04-2017 12:27:52 AM
User Name : 
-----------------------------------------------------------------------------------------------------
Message : frmDepartmentMaster -  dgvData_RowDataBound(object sender, GridViewRowEventArgs e)At Line No. 0 Col 0
Exception : Object reference not set to an instance of an object.
LogDate : 16-04-2017 12:27:52 AM
User Name : 
-----------------------------------------------------------------------------------------------------
Message : frmDepartmentMaster -  dgvData_RowDataBound(object sender, GridViewRowEventArgs e)At Line No. 0 Col 0
Exception : Object reference not set to an instance of an object.
LogDate : 16-04-2017 12:27:52 AM
User Name : 
-----------------------------------------------------------------------------------------------------
Message : frmDepartmentMaster -  dgvData_RowDataBound(object sender, GridViewRowEventArgs e)At Line No. 0 Col 0
Exception : Object reference not set to an instance of an object.
LogDate : 16-04-2017 12:27:52 AM
User Name : 
-----------------------------------------------------------------------------------------------------
Message : frmDepartmentMaster -  dgvData_RowDataBound(object sender, GridViewRowEventArgs e)At Line No. 0 Col 0
Exception : Object reference not set to an instance of an object.
LogDate : 16-04-2017 01:05:24 PM
User Name : 
-----------------------------------------------------------------------------------------------------
Message : frmDepartmentMaster -  dgvData_RowDataBound(object sender, GridViewRowEventArgs e)At Line No. 0 Col 0
Exception : Object reference not set to an instance of an object.
LogDate : 16-04-2017 01:05:24 PM
User Name : 
-----------------------------------------------------------------------------------------------------
Message : frmDepartmentMaster -  dgvData_RowDataBound(object sender, GridViewRowEventArgs e)At Line No. 0 Col 0
Exception : Object reference not set to an instance of an object.
LogDate : 16-04-2017 01:05:24 PM
User Name : 
-----------------------------------------------------------------------------------------------------
Message : frmDepartmentMaster -  dgvData_RowDataBound(object sender, GridViewRowEventArgs e)At Line No. 0 Col 0
Exception : Object reference not set to an instance of an object.
LogDate : 16-04-2017 01:05:24 PM
User Name : 
-----------------------------------------------------------------------------------------------------
Message : frmDepartmentMaster -  dgvData_RowDataBound(object sender, GridViewRowEventArgs e)At Line No. 0 Col 0
Exception : Object reference not set to an instance of an object.
LogDate : 16-04-2017 01:05:24 PM
User Name : 
-----------------------------------------------------------------------------------------------------
Message : frmDepartmentMaster -  dgvData_RowDataBound(object sender, GridViewRowEventArgs e)At Line No. 0 Col 0
Exception : Object reference not set to an instance of an object.
LogDate : 16-04-2017 01:05:24 PM
User Name : 
-----------------------------------------------------------------------------------------------------
Message : frmDepartmentMaster -  dgvData_RowDataBound(object sender, GridViewRowEventArgs e)At Line No. 0 Col 0
Exception : Object reference not set to an instance of an object.
LogDate : 16-04-2017 01:05:24 PM
User Name : 
-----------------------------------------------------------------------------------------------------
Message : frmDepartmentMaster -  dgvData_RowDataBound(object sender, GridViewRowEventArgs e)At Line No. 0 Col 0
Exception : Object reference not set to an instance of an object.
LogDate : 16-04-2017 01:05:46 PM
User Name : 
-----------------------------------------------------------------------------------------------------
Message : frmDepartmentMaster -  dgvData_RowDataBound(object sender, GridViewRowEventArgs e)At Line No. 0 Col 0
Exception : Object reference not set to an instance of an object.
LogDate : 16-04-2017 01:05:46 PM
User Name : 
-----------------------------------------------------------------------------------------------------
Message : frmDepartmentMaster -  dgvData_RowDataBound(object sender, GridViewRowEventArgs e)At Line No. 0 Col 0
Exception : Object reference not set to an instance of an object.
LogDate : 16-04-2017 01:05:46 PM
User Name : 
-----------------------------------------------------------------------------------------------------
Message : frmDepartmentMaster -  dgvData_RowDataBound(object sender, GridViewRowEventArgs e)At Line No. 0 Col 0
Exception : Object reference not set to an instance of an object.
LogDate : 16-04-2017 01:05:46 PM
User Name : 
-----------------------------------------------------------------------------------------------------
Message : frmDepartmentMaster -  dgvData_RowDataBound(object sender, GridViewRowEventArgs e)At Line No. 0 Col 0
Exception : Object reference not set to an instance of an object.
LogDate : 16-04-2017 01:05:46 PM
User Name : 
-----------------------------------------------------------------------------------------------------
Message : frmDepartmentMaster -  dgvData_RowDataBound(object sender, GridViewRowEventArgs e)At Line No. 0 Col 0
Exception : Object reference not set to an instance of an object.
LogDate : 16-04-2017 01:05:46 PM
User Name : 
-----------------------------------------------------------------------------------------------------
Message : frmDepartmentMaster -  dgvData_RowDataBound(object sender, GridViewRowEventArgs e)At Line No. 0 Col 0
Exception : Object reference not set to an instance of an object.
LogDate : 16-04-2017 01:05:46 PM
User Name : 
-----------------------------------------------------------------------------------------------------
Message : frmDepartmentMaster -  dgvData_RowDataBound(object sender, GridViewRowEventArgs e)At Line No. 0 Col 0
Exception : Object reference not set to an instance of an object.
LogDate : 16-04-2017 01:15:58 PM
User Name : 
-----------------------------------------------------------------------------------------------------
Message : frmDepartmentMaster -  dgvData_RowDataBound(object sender, GridViewRowEventArgs e)At Line No. 0 Col 0
Exception : Object reference not set to an instance of an object.
LogDate : 16-04-2017 01:15:58 PM
User Name : 
-----------------------------------------------------------------------------------------------------
Message : frmDepartmentMaster -  dgvData_RowDataBound(object sender, GridViewRowEventArgs e)At Line No. 0 Col 0
Exception : Object reference not set to an instance of an object.
LogDate : 16-04-2017 01:15:58 PM
User Name : 
-----------------------------------------------------------------------------------------------------
Message : frmDepartmentMaster -  dgvData_RowDataBound(object sender, GridViewRowEventArgs e)At Line No. 0 Col 0
Exception : Object reference not set to an instance of an object.
LogDate : 16-04-2017 01:15:58 PM
User Name : 
-----------------------------------------------------------------------------------------------------
Message : frmDepartmentMaster -  dgvData_RowDataBound(object sender, GridViewRowEventArgs e)At Line No. 0 Col 0
Exception : Object reference not set to an instance of an object.
LogDate : 16-04-2017 01:15:59 PM
User Name : 
-----------------------------------------------------------------------------------------------------
Message : frmDepartmentMaster -  dgvData_RowDataBound(object sender, GridViewRowEventArgs e)At Line No. 0 Col 0
Exception : Object reference not set to an instance of an object.
LogDate : 16-04-2017 01:15:59 PM
User Name : 
-----------------------------------------------------------------------------------------------------
Message : frmDepartmentMaster -  dgvData_RowDataBound(object sender, GridViewRowEventArgs e)At Line No. 0 Col 0
Exception : Object reference not set to an instance of an object.
LogDate : 16-04-2017 01:15:59 PM
User Name : 
-----------------------------------------------------------------------------------------------------
Message : frmDepartmentMaster -  dgvData_RowDataBound(object sender, GridViewRowEventArgs e)At Line No. 0 Col 0
Exception : Object reference not set to an instance of an object.
LogDate : 16-04-2017 01:16:15 PM
User Name : 
-----------------------------------------------------------------------------------------------------
Message : frmDepartmentMaster -  dgvData_RowDataBound(object sender, GridViewRowEventArgs e)At Line No. 0 Col 0
Exception : Object reference not set to an instance of an object.
LogDate : 16-04-2017 01:16:15 PM
User Name : 
-----------------------------------------------------------------------------------------------------
Message : frmDepartmentMaster -  dgvData_RowDataBound(object sender, GridViewRowEventArgs e)At Line No. 0 Col 0
Exception : Object reference not set to an instance of an object.
LogDate : 16-04-2017 01:16:16 PM
User Name : 
-----------------------------------------------------------------------------------------------------
Message : frmDepartmentMaster -  dgvData_RowDataBound(object sender, GridViewRowEventArgs e)At Line No. 0 Col 0
Exception : Object reference not set to an instance of an object.
LogDate : 16-04-2017 01:16:16 PM
User Name : 
-----------------------------------------------------------------------------------------------------
Message : frmDepartmentMaster -  dgvData_RowDataBound(object sender, GridViewRowEventArgs e)At Line No. 0 Col 0
Exception : Object reference not set to an instance of an object.
LogDate : 16-04-2017 01:16:16 PM
User Name : 
-----------------------------------------------------------------------------------------------------
Message : frmDepartmentMaster -  dgvData_RowDataBound(object sender, GridViewRowEventArgs e)At Line No. 0 Col 0
Exception : Object reference not set to an instance of an object.
LogDate : 16-04-2017 01:16:16 PM
User Name : 
-----------------------------------------------------------------------------------------------------
Message : frmDepartmentMaster -  dgvData_RowDataBound(object sender, GridViewRowEventArgs e)At Line No. 0 Col 0
Exception : Object reference not set to an instance of an object.
LogDate : 16-04-2017 01:16:16 PM
User Name : 
-----------------------------------------------------------------------------------------------------
Message : frmDepartmentMaster -  dgvData_RowDataBound(object sender, GridViewRowEventArgs e)At Line No. 0 Col 0
Exception : Object reference not set to an instance of an object.
LogDate : 16-04-2017 01:16:16 PM
User Name : 
-----------------------------------------------------------------------------------------------------
Message : frmDepartmentMaster -  dgvData_RowDataBound(object sender, GridViewRowEventArgs e)At Line No. 0 Col 0
Exception : Object reference not set to an instance of an object.
LogDate : 18-04-2017 11:18:43 PM
User Name : 
-----------------------------------------------------------------------------------------------------
Message : frmDepartmentMaster -  dgvData_RowDataBound(object sender, GridViewRowEventArgs e)At Line No. 0 Col 0
Exception : Object reference not set to an instance of an object.
LogDate : 18-04-2017 11:18:43 PM
User Name : 
-----------------------------------------------------------------------------------------------------
Message : frmDepartmentMaster -  dgvData_RowDataBound(object sender, GridViewRowEventArgs e)At Line No. 0 Col 0
Exception : Object reference not set to an instance of an object.
LogDate : 18-04-2017 11:18:43 PM
User Name : 
-----------------------------------------------------------------------------------------------------
Message : frmDepartmentMaster -  dgvData_RowDataBound(object sender, GridViewRowEventArgs e)At Line No. 0 Col 0
Exception : Object reference not set to an instance of an object.
LogDate : 18-04-2017 11:18:43 PM
User Name : 
-----------------------------------------------------------------------------------------------------
Message : frmDepartmentMaster -  dgvData_RowDataBound(object sender, GridViewRowEventArgs e)At Line No. 0 Col 0
Exception : Object reference not set to an instance of an object.
LogDate : 18-04-2017 11:18:43 PM
User Name : 
-----------------------------------------------------------------------------------------------------
Message : frmDepartmentMaster -  dgvData_RowDataBound(object sender, GridViewRowEventArgs e)At Line No. 0 Col 0
Exception : Object reference not set to an instance of an object.
LogDate : 18-04-2017 11:18:43 PM
User Name : 
-----------------------------------------------------------------------------------------------------
Message : frmDepartmentMaster -  dgvData_RowDataBound(object sender, GridViewRowEventArgs e)At Line No. 0 Col 0
Exception : Object reference not set to an instance of an object.
LogDate : 18-04-2017 11:18:43 PM
User Name : 
-----------------------------------------------------------------------------------------------------
Message : frmDepartmentMaster -  dgvData_RowDataBound(object sender, GridViewRowEventArgs e)At Line No. 0 Col 0
Exception : Object reference not set to an instance of an object.
LogDate : 18-04-2017 11:18:43 PM
User Name : 
-----------------------------------------------------------------------------------------------------
Message : frmDepartmentMaster -  dgvData_RowDataBound(object sender, GridViewRowEventArgs e)At Line No. 0 Col 0
Exception : Object reference not set to an instance of an object.
LogDate : 19-04-2017 10:56:28 PM
User Name : 
-----------------------------------------------------------------------------------------------------
Message : frmDepartmentMaster -  dgvData_RowDataBound(object sender, GridViewRowEventArgs e)At Line No. 0 Col 0
Exception : Object reference not set to an instance of an object.
LogDate : 19-04-2017 10:56:28 PM
User Name : 
-----------------------------------------------------------------------------------------------------
Message : frmDepartmentMaster -  dgvData_RowDataBound(object sender, GridViewRowEventArgs e)At Line No. 0 Col 0
Exception : Object reference not set to an instance of an object.
LogDate : 19-04-2017 10:56:28 PM
User Name : 
-----------------------------------------------------------------------------------------------------
Message : frmDepartmentMaster -  dgvData_RowDataBound(object sender, GridViewRowEventArgs e)At Line No. 0 Col 0
Exception : Object reference not set to an instance of an object.
LogDate : 19-04-2017 10:56:28 PM
User Name : 
-----------------------------------------------------------------------------------------------------
Message : frmDepartmentMaster -  dgvData_RowDataBound(object sender, GridViewRowEventArgs e)At Line No. 0 Col 0
Exception : Object reference not set to an instance of an object.
LogDate : 19-04-2017 10:56:28 PM
User Name : 
-----------------------------------------------------------------------------------------------------
Message : frmDepartmentMaster -  dgvData_RowDataBound(object sender, GridViewRowEventArgs e)At Line No. 0 Col 0
Exception : Object reference not set to an instance of an object.
LogDate : 19-04-2017 10:56:28 PM
User Name : 
-----------------------------------------------------------------------------------------------------
Message : frmDepartmentMaster -  dgvData_RowDataBound(object sender, GridViewRowEventArgs e)At Line No. 0 Col 0
Exception : Object reference not set to an instance of an object.
LogDate : 19-04-2017 10:56:28 PM
User Name : 
-----------------------------------------------------------------------------------------------------
Message : frmDepartmentMaster -  dgvData_RowDataBound(object sender, GridViewRowEventArgs e)At Line No. 0 Col 0
Exception : Object reference not set to an instance of an object.
LogDate : 19-04-2017 10:56:28 PM
User Name : 
-----------------------------------------------------------------------------------------------------
Message : frmDepartmentMaster -  dgvData_RowDataBound(object sender, GridViewRowEventArgs e)At Line No. 0 Col 0
Exception : Object reference not set to an instance of an object.
LogDate : 20-04-2017 09:57:34 PM
User Name : 
-----------------------------------------------------------------------------------------------------
Message : frmDepartmentMaster -  dgvData_RowDataBound(object sender, GridViewRowEventArgs e)At Line No. 0 Col 0
Exception : Object reference not set to an instance of an object.
LogDate : 20-04-2017 09:57:34 PM
User Name : 
-----------------------------------------------------------------------------------------------------
Message : frmDepartmentMaster -  dgvData_RowDataBound(object sender, GridViewRowEventArgs e)At Line No. 0 Col 0
Exception : Object reference not set to an instance of an object.
LogDate : 20-04-2017 09:57:34 PM
User Name : 
-----------------------------------------------------------------------------------------------------
Message : frmDepartmentMaster -  dgvData_RowDataBound(object sender, GridViewRowEventArgs e)At Line No. 0 Col 0
Exception : Object reference not set to an instance of an object.
LogDate : 20-04-2017 09:57:34 PM
User Name : 
-----------------------------------------------------------------------------------------------------
Message : frmDepartmentMaster -  dgvData_RowDataBound(object sender, GridViewRowEventArgs e)At Line No. 0 Col 0
Exception : Object reference not set to an instance of an object.
LogDate : 20-04-2017 09:57:34 PM
User Name : 
-----------------------------------------------------------------------------------------------------
Message : frmDepartmentMaster -  dgvData_RowDataBound(object sender, GridViewRowEventArgs e)At Line No. 0 Col 0
Exception : Object reference not set to an instance of an object.
LogDate : 20-04-2017 09:57:34 PM
User Name : 
-----------------------------------------------------------------------------------------------------
Message : frmDepartmentMaster -  dgvData_RowDataBound(object sender, GridViewRowEventArgs e)At Line No. 0 Col 0
Exception : Object reference not set to an instance of an object.
LogDate : 20-04-2017 09:57:34 PM
User Name : 
-----------------------------------------------------------------------------------------------------
Message : frmDepartmentMaster -  dgvData_RowDataBound(object sender, GridViewRowEventArgs e)At Line No. 0 Col 0
Exception : Object reference not set to an instance of an object.
LogDate : 20-04-2017 09:57:34 PM
User Name : 
-----------------------------------------------------------------------------------------------------
Message : frmDepartmentMaster -  dgvData_RowDataBound(object sender, GridViewRowEventArgs e)At Line No. 0 Col 0
Exception : Object reference not set to an instance of an object.
LogDate : 20-04-2017 10:03:50 PM
User Name : 
-----------------------------------------------------------------------------------------------------
Message : frmDepartmentMaster -  dgvData_RowDataBound(object sender, GridViewRowEventArgs e)At Line No. 0 Col 0
Exception : Object reference not set to an instance of an object.
LogDate : 20-04-2017 10:03:50 PM
User Name : 
-----------------------------------------------------------------------------------------------------
Message : frmDepartmentMaster -  dgvData_RowDataBound(object sender, GridViewRowEventArgs e)At Line No. 0 Col 0
Exception : Object reference not set to an instance of an object.
LogDate : 20-04-2017 10:03:50 PM
User Name : 
-----------------------------------------------------------------------------------------------------
Message : frmDepartmentMaster -  dgvData_RowDataBound(object sender, GridViewRowEventArgs e)At Line No. 0 Col 0
Exception : Object reference not set to an instance of an object.
LogDate : 20-04-2017 10:03:50 PM
User Name : 
-----------------------------------------------------------------------------------------------------
Message : frmDepartmentMaster -  dgvData_RowDataBound(object sender, GridViewRowEventArgs e)At Line No. 0 Col 0
Exception : Object reference not set to an instance of an object.
LogDate : 20-04-2017 10:03:50 PM
User Name : 
-----------------------------------------------------------------------------------------------------
Message : frmDepartmentMaster -  dgvData_RowDataBound(object sender, GridViewRowEventArgs e)At Line No. 0 Col 0
Exception : Object reference not set to an instance of an object.
LogDate : 20-04-2017 10:03:50 PM
User Name : 
-----------------------------------------------------------------------------------------------------
Message : frmDepartmentMaster -  dgvData_RowDataBound(object sender, GridViewRowEventArgs e)At Line No. 0 Col 0
Exception : Object reference not set to an instance of an object.
LogDate : 20-04-2017 10:03:50 PM
User Name : 
-----------------------------------------------------------------------------------------------------
Message : frmDepartmentMaster -  dgvData_RowDataBound(object sender, GridViewRowEventArgs e)At Line No. 0 Col 0
Exception : Object reference not set to an instance of an object.
LogDate : 20-04-2017 10:03:50 PM
User Name : 
-----------------------------------------------------------------------------------------------------
Message : frmDepartmentMaster -  dgvData_RowDataBound(object sender, GridViewRowEventArgs e)At Line No. 0 Col 0
Exception : Object reference not set to an instance of an object.
LogDate : 20-04-2017 10:06:16 PM
User Name : 
-----------------------------------------------------------------------------------------------------
Message : frmDepartmentMaster -  dgvData_RowDataBound(object sender, GridViewRowEventArgs e)At Line No. 0 Col 0
Exception : Object reference not set to an instance of an object.
LogDate : 20-04-2017 10:06:16 PM
User Name : 
-----------------------------------------------------------------------------------------------------
Message : frmDepartmentMaster -  dgvData_RowDataBound(object sender, GridViewRowEventArgs e)At Line No. 0 Col 0
Exception : Object reference not set to an instance of an object.
LogDate : 20-04-2017 10:06:16 PM
User Name : 
-----------------------------------------------------------------------------------------------------
Message : frmDepartmentMaster -  dgvData_RowDataBound(object sender, GridViewRowEventArgs e)At Line No. 0 Col 0
Exception : Object reference not set to an instance of an object.
LogDate : 20-04-2017 10:06:16 PM
User Name : 
-----------------------------------------------------------------------------------------------------
Message : frmDepartmentMaster -  dgvData_RowDataBound(object sender, GridViewRowEventArgs e)At Line No. 0 Col 0
Exception : Object reference not set to an instance of an object.
LogDate : 20-04-2017 10:06:16 PM
User Name : 
-----------------------------------------------------------------------------------------------------
Message : frmDepartmentMaster -  dgvData_RowDataBound(object sender, GridViewRowEventArgs e)At Line No. 0 Col 0
Exception : Object reference not set to an instance of an object.
LogDate : 20-04-2017 10:06:16 PM
User Name : 
-----------------------------------------------------------------------------------------------------
Message : frmDepartmentMaster -  dgvData_RowDataBound(object sender, GridViewRowEventArgs e)At Line No. 0 Col 0
Exception : Object reference not set to an instance of an object.
LogDate : 20-04-2017 10:06:16 PM
User Name : 
-----------------------------------------------------------------------------------------------------
Message : frmDepartmentMaster -  dgvData_RowDataBound(object sender, GridViewRowEventArgs e)At Line No. 0 Col 0
Exception : Object reference not set to an instance of an object.
LogDate : 20-04-2017 10:06:16 PM
User Name : 
-----------------------------------------------------------------------------------------------------
Message : frmDepartmentMaster -  dgvData_RowDataBound(object sender, GridViewRowEventArgs e)At Line No. 0 Col 0
Exception : Object reference not set to an instance of an object.
LogDate : 20-04-2017 10:07:30 PM
User Name : 
-----------------------------------------------------------------------------------------------------
Message : frmDepartmentMaster -  dgvData_RowDataBound(object sender, GridViewRowEventArgs e)At Line No. 0 Col 0
Exception : Object reference not set to an instance of an object.
LogDate : 20-04-2017 10:07:30 PM
User Name : 
-----------------------------------------------------------------------------------------------------
Message : frmDepartmentMaster -  dgvData_RowDataBound(object sender, GridViewRowEventArgs e)At Line No. 0 Col 0
Exception : Object reference not set to an instance of an object.
LogDate : 20-04-2017 10:07:30 PM
User Name : 
-----------------------------------------------------------------------------------------------------
Message : frmDepartmentMaster -  dgvData_RowDataBound(object sender, GridViewRowEventArgs e)At Line No. 0 Col 0
Exception : Object reference not set to an instance of an object.
LogDate : 20-04-2017 10:07:30 PM
User Name : 
-----------------------------------------------------------------------------------------------------
Message : frmDepartmentMaster -  dgvData_RowDataBound(object sender, GridViewRowEventArgs e)At Line No. 0 Col 0
Exception : Object reference not set to an instance of an object.
LogDate : 20-04-2017 10:07:30 PM
User Name : 
-----------------------------------------------------------------------------------------------------
Message : frmDepartmentMaster -  dgvData_RowDataBound(object sender, GridViewRowEventArgs e)At Line No. 0 Col 0
Exception : Object reference not set to an instance of an object.
LogDate : 20-04-2017 10:07:30 PM
User Name : 
-----------------------------------------------------------------------------------------------------
Message : frmDepartmentMaster -  dgvData_RowDataBound(object sender, GridViewRowEventArgs e)At Line No. 0 Col 0
Exception : Object reference not set to an instance of an object.
LogDate : 20-04-2017 10:07:30 PM
User Name : 
-----------------------------------------------------------------------------------------------------
Message : frmDepartmentMaster -  dgvData_RowDataBound(object sender, GridViewRowEventArgs e)At Line No. 0 Col 0
Exception : Object reference not set to an instance of an object.
LogDate : 20-04-2017 10:07:30 PM
User Name : 
-----------------------------------------------------------------------------------------------------
Message : frmDepartmentMaster -  dgvData_RowDataBound(object sender, GridViewRowEventArgs e)At Line No. 0 Col 0
Exception : Object reference not set to an instance of an object.
LogDate : 21-04-2017 10:23:08 PM
User Name : 
-----------------------------------------------------------------------------------------------------
Message : frmDepartmentMaster -  dgvData_RowDataBound(object sender, GridViewRowEventArgs e)At Line No. 0 Col 0
Exception : Object reference not set to an instance of an object.
LogDate : 21-04-2017 10:23:08 PM
User Name : 
-----------------------------------------------------------------------------------------------------
Message : frmDepartmentMaster -  dgvData_RowDataBound(object sender, GridViewRowEventArgs e)At Line No. 0 Col 0
Exception : Object reference not set to an instance of an object.
LogDate : 21-04-2017 10:23:08 PM
User Name : 
-----------------------------------------------------------------------------------------------------
Message : frmDepartmentMaster -  dgvData_RowDataBound(object sender, GridViewRowEventArgs e)At Line No. 0 Col 0
Exception : Object reference not set to an instance of an object.
LogDate : 21-04-2017 10:23:08 PM
User Name : 
-----------------------------------------------------------------------------------------------------
Message : frmDepartmentMaster -  dgvData_RowDataBound(object sender, GridViewRowEventArgs e)At Line No. 0 Col 0
Exception : Object reference not set to an instance of an object.
LogDate : 21-04-2017 10:23:08 PM
User Name : 
-----------------------------------------------------------------------------------------------------
Message : frmDepartmentMaster -  dgvData_RowDataBound(object sender, GridViewRowEventArgs e)At Line No. 0 Col 0
Exception : Object reference not set to an instance of an object.
LogDate : 21-04-2017 10:23:08 PM
User Name : 
-----------------------------------------------------------------------------------------------------
Message : frmDepartmentMaster -  dgvData_RowDataBound(object sender, GridViewRowEventArgs e)At Line No. 0 Col 0
Exception : Object reference not set to an instance of an object.
LogDate : 21-04-2017 10:23:08 PM
User Name : 
-----------------------------------------------------------------------------------------------------
Message : frmDepartmentMaster -  dgvData_RowDataBound(object sender, GridViewRowEventArgs e)At Line No. 0 Col 0
Exception : Object reference not set to an instance of an object.
LogDate : 21-04-2017 10:23:08 PM
User Name : 
-----------------------------------------------------------------------------------------------------
Message : frmDepartmentMaster -  dgvData_RowDataBound(object sender, GridViewRowEventArgs e)At Line No. 0 Col 0
Exception : Object reference not set to an instance of an object.
LogDate : 22-04-2017 05:57:29 PM
User Name : 
-----------------------------------------------------------------------------------------------------
Message : frmDepartmentMaster -  dgvData_RowDataBound(object sender, GridViewRowEventArgs e)At Line No. 0 Col 0
Exception : Object reference not set to an instance of an object.
LogDate : 22-04-2017 05:57:29 PM
User Name : 
-----------------------------------------------------------------------------------------------------
Message : frmDepartmentMaster -  dgvData_RowDataBound(object sender, GridViewRowEventArgs e)At Line No. 0 Col 0
Exception : Object reference not set to an instance of an object.
LogDate : 22-04-2017 05:57:29 PM
User Name : 
-----------------------------------------------------------------------------------------------------
Message : frmDepartmentMaster -  dgvData_RowDataBound(object sender, GridViewRowEventArgs e)At Line No. 0 Col 0
Exception : Object reference not set to an instance of an object.
LogDate : 22-04-2017 05:57:29 PM
User Name : 
-----------------------------------------------------------------------------------------------------
Message : frmDepartmentMaster -  dgvData_RowDataBound(object sender, GridViewRowEventArgs e)At Line No. 0 Col 0
Exception : Object reference not set to an instance of an object.
LogDate : 22-04-2017 05:57:29 PM
User Name : 
-----------------------------------------------------------------------------------------------------
Message : frmDepartmentMaster -  dgvData_RowDataBound(object sender, GridViewRowEventArgs e)At Line No. 0 Col 0
Exception : Object reference not set to an instance of an object.
LogDate : 22-04-2017 05:57:29 PM
User Name : 
-----------------------------------------------------------------------------------------------------
Message : frmDepartmentMaster -  dgvData_RowDataBound(object sender, GridViewRowEventArgs e)At Line No. 0 Col 0
Exception : Object reference not set to an instance of an object.
LogDate : 22-04-2017 05:57:29 PM
User Name : 
-----------------------------------------------------------------------------------------------------
Message : frmDepartmentMaster -  dgvData_RowDataBound(object sender, GridViewRowEventArgs e)At Line No. 0 Col 0
Exception : Object reference not set to an instance of an object.
LogDate : 22-04-2017 05:57:29 PM
User Name : 
-----------------------------------------------------------------------------------------------------
Message : frmlogin - btnLogin_Click(object sender, EventArgs e)At Line No. 0 Col 0
Exception : The added or subtracted value results in an un-representable DateTime.
Parameter name: value
LogDate : 30-04-2017 03:18:37 PM
User Name : 
---------------------------------------------------------------------------------------------
Message : frmlogin - btnLogin_Click(object sender, EventArgs e)At Line No. 0 Col 0
Exception : The added or subtracted value results in an un-representable DateTime.
Parameter name: value
LogDate : 30-04-2017 03:18:48 PM
User Name : 
---------------------------------------------------------------------------------------------
Message : frmlogin - btnLogin_Click(object sender, EventArgs e)At Line No. 0 Col 0
Exception : The added or subtracted value results in an un-representable DateTime.
Parameter name: value
LogDate : 30-04-2017 03:21:26 PM
User Name : 
---------------------------------------------------------------------------------------------
Message : frmlogin - btnLogin_Click(object sender, EventArgs e)At Line No. 0 Col 0
Exception : The added or subtracted value results in an un-representable DateTime.
Parameter name: value
LogDate : 30-04-2017 03:22:40 PM
User Name : 
---------------------------------------------------------------------------------------------
