Message : Object reference not set to an instance of an object.At Line No. 0 Col 0
Exception : Object reference not set to an instance of an object.
LogDate : 09-08-2017 10:51:26 PM
---------------------------------------------------------------------------------------
Message : Object reference not set to an instance of an object.At Line No. 0 Col 0
Exception : Object reference not set to an instance of an object.
LogDate : 09-08-2017 11:21:14 PM
---------------------------------------------------------------------------------------
Message : Object reference not set to an instance of an object.At Line No. 0 Col 0
Exception : Object reference not set to an instance of an object.
LogDate : 12-08-2017 03:48:47 PM
---------------------------------------------------------------------------------------
Message : Object reference not set to an instance of an object.At Line No. 0 Col 0
Exception : Object reference not set to an instance of an object.
LogDate : 12-08-2017 03:59:08 PM
---------------------------------------------------------------------------------------
Message : Object reference not set to an instance of an object.At Line No. 0 Col 0
Exception : Object reference not set to an instance of an object.
LogDate : 12-08-2017 04:02:09 PM
---------------------------------------------------------------------------------------
Message : Object reference not set to an instance of an object.At Line No. 0 Col 0
Exception : Object reference not set to an instance of an object.
LogDate : 12-08-2017 04:05:36 PM
---------------------------------------------------------------------------------------
Message : RegistrationBLL - GetDepartments()At Line No. 0 Col 0
Exception : A connection was successfully established with the server, but then an error occurred during the pre-login handshake. (provider: SSL Provider, error: 0 - The wait operation timed out.)
LogDate : 25-08-2017 02:44:06 PM
---------------------------------------------------------------------------------------
