Message : RoomCategoryBLL - GetCategoriesForEdit(string pstrCategoryCode)At Line No. 0 Col 0
Exception : Invalid object name 'CriticareHospitalWeb.dbo.tblRoomCategory'.
LogDate : 11-05-2017 12:17:42 AM
User Name : 
----------------------------------------------------------------------------------
Message : frmDepartmentMaster -  dgvData_RowDataBound(object sender, GridViewRowEventArgs e)At Line No. 0 Col 0
Exception : Object reference not set to an instance of an object.
LogDate : 11-05-2017 12:23:18 AM
User Name : 
-----------------------------------------------------------------------------------------------------
Message : frmDepartmentMaster -  dgvData_RowDataBound(object sender, GridViewRowEventArgs e)At Line No. 0 Col 0
Exception : Object reference not set to an instance of an object.
LogDate : 11-05-2017 12:23:18 AM
User Name : 
-----------------------------------------------------------------------------------------------------
Message : frmDepartmentMaster -  dgvData_RowDataBound(object sender, GridViewRowEventArgs e)At Line No. 0 Col 0
Exception : Object reference not set to an instance of an object.
LogDate : 11-05-2017 12:23:18 AM
User Name : 
-----------------------------------------------------------------------------------------------------
Message : frmDepartmentMaster -  dgvData_RowDataBound(object sender, GridViewRowEventArgs e)At Line No. 0 Col 0
Exception : Object reference not set to an instance of an object.
LogDate : 11-05-2017 12:23:18 AM
User Name : 
-----------------------------------------------------------------------------------------------------
Message : frmDepartmentMaster -  dgvData_RowDataBound(object sender, GridViewRowEventArgs e)At Line No. 0 Col 0
Exception : Object reference not set to an instance of an object.
LogDate : 11-05-2017 12:23:18 AM
User Name : 
-----------------------------------------------------------------------------------------------------
Message : frmDepartmentMaster -  dgvData_RowDataBound(object sender, GridViewRowEventArgs e)At Line No. 0 Col 0
Exception : Object reference not set to an instance of an object.
LogDate : 11-05-2017 12:23:18 AM
User Name : 
-----------------------------------------------------------------------------------------------------
Message : frmDepartmentMaster -  dgvData_RowDataBound(object sender, GridViewRowEventArgs e)At Line No. 0 Col 0
Exception : Object reference not set to an instance of an object.
LogDate : 11-05-2017 12:23:18 AM
User Name : 
-----------------------------------------------------------------------------------------------------
Message : frmDepartmentMaster -  dgvData_RowDataBound(object sender, GridViewRowEventArgs e)At Line No. 0 Col 0
Exception : Object reference not set to an instance of an object.
LogDate : 11-05-2017 12:23:18 AM
User Name : 
-----------------------------------------------------------------------------------------------------
Message : frmDepartmentMaster -  dgvData_RowDataBound(object sender, GridViewRowEventArgs e)At Line No. 0 Col 0
Exception : Object reference not set to an instance of an object.
LogDate : 11-05-2017 12:23:18 AM
User Name : 
-----------------------------------------------------------------------------------------------------
Message : frmDepartmentMaster -  dgvData_RowDataBound(object sender, GridViewRowEventArgs e)At Line No. 0 Col 0
Exception : Object reference not set to an instance of an object.
LogDate : 11-05-2017 12:23:18 AM
User Name : 
-----------------------------------------------------------------------------------------------------
Message : frmDepartmentMaster -  dgvData_RowDataBound(object sender, GridViewRowEventArgs e)At Line No. 0 Col 0
Exception : Object reference not set to an instance of an object.
LogDate : 11-05-2017 12:23:18 AM
User Name : 
-----------------------------------------------------------------------------------------------------
Message : frmDepartmentMaster -  dgvData_RowDataBound(object sender, GridViewRowEventArgs e)At Line No. 0 Col 0
Exception : Object reference not set to an instance of an object.
LogDate : 11-05-2017 12:23:18 AM
User Name : 
-----------------------------------------------------------------------------------------------------
Message : frmDepartmentMaster -  dgvData_RowDataBound(object sender, GridViewRowEventArgs e)At Line No. 0 Col 0
Exception : Object reference not set to an instance of an object.
LogDate : 11-05-2017 12:23:18 AM
User Name : 
-----------------------------------------------------------------------------------------------------
Message : frmDepartmentMaster -  dgvData_RowDataBound(object sender, GridViewRowEventArgs e)At Line No. 0 Col 0
Exception : Object reference not set to an instance of an object.
LogDate : 11-05-2017 12:23:18 AM
User Name : 
-----------------------------------------------------------------------------------------------------
Message : frmDepartmentMaster -  dgvData_RowDataBound(object sender, GridViewRowEventArgs e)At Line No. 0 Col 0
Exception : Object reference not set to an instance of an object.
LogDate : 11-05-2017 12:23:18 AM
User Name : 
-----------------------------------------------------------------------------------------------------
Message : frmDepartmentMaster -  dgvData_RowDataBound(object sender, GridViewRowEventArgs e)At Line No. 0 Col 0
Exception : Object reference not set to an instance of an object.
LogDate : 11-05-2017 12:23:18 AM
User Name : 
-----------------------------------------------------------------------------------------------------
Message : frmDepartmentMaster -  dgvData_RowDataBound(object sender, GridViewRowEventArgs e)At Line No. 0 Col 0
Exception : Object reference not set to an instance of an object.
LogDate : 11-05-2017 12:23:48 AM
User Name : 
-----------------------------------------------------------------------------------------------------
Message : frmDepartmentMaster -  dgvData_RowDataBound(object sender, GridViewRowEventArgs e)At Line No. 0 Col 0
Exception : Object reference not set to an instance of an object.
LogDate : 11-05-2017 12:23:48 AM
User Name : 
-----------------------------------------------------------------------------------------------------
Message : frmDepartmentMaster -  dgvData_RowDataBound(object sender, GridViewRowEventArgs e)At Line No. 0 Col 0
Exception : Object reference not set to an instance of an object.
LogDate : 11-05-2017 12:23:48 AM
User Name : 
-----------------------------------------------------------------------------------------------------
Message : frmDepartmentMaster -  dgvData_RowDataBound(object sender, GridViewRowEventArgs e)At Line No. 0 Col 0
Exception : Object reference not set to an instance of an object.
LogDate : 11-05-2017 12:23:48 AM
User Name : 
-----------------------------------------------------------------------------------------------------
Message : frmDepartmentMaster -  dgvData_RowDataBound(object sender, GridViewRowEventArgs e)At Line No. 0 Col 0
Exception : Object reference not set to an instance of an object.
LogDate : 11-05-2017 12:23:48 AM
User Name : 
-----------------------------------------------------------------------------------------------------
Message : frmDepartmentMaster -  dgvData_RowDataBound(object sender, GridViewRowEventArgs e)At Line No. 0 Col 0
Exception : Object reference not set to an instance of an object.
LogDate : 11-05-2017 12:23:48 AM
User Name : 
-----------------------------------------------------------------------------------------------------
Message : frmDepartmentMaster -  dgvData_RowDataBound(object sender, GridViewRowEventArgs e)At Line No. 0 Col 0
Exception : Object reference not set to an instance of an object.
LogDate : 11-05-2017 12:23:48 AM
User Name : 
-----------------------------------------------------------------------------------------------------
Message : frmDepartmentMaster -  dgvData_RowDataBound(object sender, GridViewRowEventArgs e)At Line No. 0 Col 0
Exception : Object reference not set to an instance of an object.
LogDate : 11-05-2017 12:23:48 AM
User Name : 
-----------------------------------------------------------------------------------------------------
Message : frmDepartmentMaster -  dgvData_RowDataBound(object sender, GridViewRowEventArgs e)At Line No. 0 Col 0
Exception : Object reference not set to an instance of an object.
LogDate : 11-05-2017 12:23:48 AM
User Name : 
-----------------------------------------------------------------------------------------------------
Message : frmDepartmentMaster -  dgvData_RowDataBound(object sender, GridViewRowEventArgs e)At Line No. 0 Col 0
Exception : Object reference not set to an instance of an object.
LogDate : 11-05-2017 12:23:48 AM
User Name : 
-----------------------------------------------------------------------------------------------------
Message : frmDepartmentMaster -  dgvData_RowDataBound(object sender, GridViewRowEventArgs e)At Line No. 0 Col 0
Exception : Object reference not set to an instance of an object.
LogDate : 11-05-2017 12:23:48 AM
User Name : 
-----------------------------------------------------------------------------------------------------
Message : frmDepartmentMaster -  dgvData_RowDataBound(object sender, GridViewRowEventArgs e)At Line No. 0 Col 0
Exception : Object reference not set to an instance of an object.
LogDate : 11-05-2017 12:23:48 AM
User Name : 
-----------------------------------------------------------------------------------------------------
Message : frmDepartmentMaster -  dgvData_RowDataBound(object sender, GridViewRowEventArgs e)At Line No. 0 Col 0
Exception : Object reference not set to an instance of an object.
LogDate : 11-05-2017 12:23:48 AM
User Name : 
-----------------------------------------------------------------------------------------------------
Message : frmDepartmentMaster -  dgvData_RowDataBound(object sender, GridViewRowEventArgs e)At Line No. 0 Col 0
Exception : Object reference not set to an instance of an object.
LogDate : 11-05-2017 12:23:48 AM
User Name : 
-----------------------------------------------------------------------------------------------------
Message : frmDepartmentMaster -  dgvData_RowDataBound(object sender, GridViewRowEventArgs e)At Line No. 0 Col 0
Exception : Object reference not set to an instance of an object.
LogDate : 11-05-2017 12:23:48 AM
User Name : 
-----------------------------------------------------------------------------------------------------
Message : frmDepartmentMaster -  dgvData_RowDataBound(object sender, GridViewRowEventArgs e)At Line No. 0 Col 0
Exception : Object reference not set to an instance of an object.
LogDate : 11-05-2017 12:23:48 AM
User Name : 
-----------------------------------------------------------------------------------------------------
Message : frmDepartmentMaster -  dgvData_RowDataBound(object sender, GridViewRowEventArgs e)At Line No. 0 Col 0
Exception : Object reference not set to an instance of an object.
LogDate : 11-05-2017 12:23:48 AM
User Name : 
-----------------------------------------------------------------------------------------------------
Message : frmDepartmentMaster -  dgvData_RowDataBound(object sender, GridViewRowEventArgs e)At Line No. 0 Col 0
Exception : Object reference not set to an instance of an object.
LogDate : 11-05-2017 12:26:41 AM
User Name : 
-----------------------------------------------------------------------------------------------------
Message : frmDepartmentMaster -  dgvData_RowDataBound(object sender, GridViewRowEventArgs e)At Line No. 0 Col 0
Exception : Object reference not set to an instance of an object.
LogDate : 11-05-2017 12:26:41 AM
User Name : 
-----------------------------------------------------------------------------------------------------
Message : frmDepartmentMaster -  dgvData_RowDataBound(object sender, GridViewRowEventArgs e)At Line No. 0 Col 0
Exception : Object reference not set to an instance of an object.
LogDate : 11-05-2017 12:26:41 AM
User Name : 
-----------------------------------------------------------------------------------------------------
Message : frmDepartmentMaster -  dgvData_RowDataBound(object sender, GridViewRowEventArgs e)At Line No. 0 Col 0
Exception : Object reference not set to an instance of an object.
LogDate : 11-05-2017 12:26:41 AM
User Name : 
-----------------------------------------------------------------------------------------------------
Message : frmDepartmentMaster -  dgvData_RowDataBound(object sender, GridViewRowEventArgs e)At Line No. 0 Col 0
Exception : Object reference not set to an instance of an object.
LogDate : 11-05-2017 12:26:41 AM
User Name : 
-----------------------------------------------------------------------------------------------------
Message : frmDepartmentMaster -  dgvData_RowDataBound(object sender, GridViewRowEventArgs e)At Line No. 0 Col 0
Exception : Object reference not set to an instance of an object.
LogDate : 11-05-2017 12:26:41 AM
User Name : 
-----------------------------------------------------------------------------------------------------
Message : frmDepartmentMaster -  dgvData_RowDataBound(object sender, GridViewRowEventArgs e)At Line No. 0 Col 0
Exception : Object reference not set to an instance of an object.
LogDate : 11-05-2017 12:26:41 AM
User Name : 
-----------------------------------------------------------------------------------------------------
Message : frmDepartmentMaster -  dgvData_RowDataBound(object sender, GridViewRowEventArgs e)At Line No. 0 Col 0
Exception : Object reference not set to an instance of an object.
LogDate : 11-05-2017 12:26:41 AM
User Name : 
-----------------------------------------------------------------------------------------------------
Message : frmDepartmentMaster -  dgvData_RowDataBound(object sender, GridViewRowEventArgs e)At Line No. 0 Col 0
Exception : Object reference not set to an instance of an object.
LogDate : 11-05-2017 12:26:41 AM
User Name : 
-----------------------------------------------------------------------------------------------------
Message : frmDepartmentMaster -  dgvData_RowDataBound(object sender, GridViewRowEventArgs e)At Line No. 0 Col 0
Exception : Object reference not set to an instance of an object.
LogDate : 11-05-2017 12:26:41 AM
User Name : 
-----------------------------------------------------------------------------------------------------
Message : frmDepartmentMaster -  dgvData_RowDataBound(object sender, GridViewRowEventArgs e)At Line No. 0 Col 0
Exception : Object reference not set to an instance of an object.
LogDate : 11-05-2017 12:26:54 AM
User Name : 
-----------------------------------------------------------------------------------------------------
Message : frmDepartmentMaster -  dgvData_RowDataBound(object sender, GridViewRowEventArgs e)At Line No. 0 Col 0
Exception : Object reference not set to an instance of an object.
LogDate : 11-05-2017 12:26:54 AM
User Name : 
-----------------------------------------------------------------------------------------------------
Message : frmDepartmentMaster -  dgvData_RowDataBound(object sender, GridViewRowEventArgs e)At Line No. 0 Col 0
Exception : Object reference not set to an instance of an object.
LogDate : 11-05-2017 12:26:54 AM
User Name : 
-----------------------------------------------------------------------------------------------------
Message : frmDepartmentMaster -  dgvData_RowDataBound(object sender, GridViewRowEventArgs e)At Line No. 0 Col 0
Exception : Object reference not set to an instance of an object.
LogDate : 11-05-2017 12:26:54 AM
User Name : 
-----------------------------------------------------------------------------------------------------
Message : frmDepartmentMaster -  dgvData_RowDataBound(object sender, GridViewRowEventArgs e)At Line No. 0 Col 0
Exception : Object reference not set to an instance of an object.
LogDate : 11-05-2017 12:26:54 AM
User Name : 
-----------------------------------------------------------------------------------------------------
Message : frmDepartmentMaster -  dgvData_RowDataBound(object sender, GridViewRowEventArgs e)At Line No. 0 Col 0
Exception : Object reference not set to an instance of an object.
LogDate : 11-05-2017 12:26:54 AM
User Name : 
-----------------------------------------------------------------------------------------------------
Message : frmDepartmentMaster -  dgvData_RowDataBound(object sender, GridViewRowEventArgs e)At Line No. 0 Col 0
Exception : Object reference not set to an instance of an object.
LogDate : 11-05-2017 12:26:54 AM
User Name : 
-----------------------------------------------------------------------------------------------------
Message : frmDepartmentMaster -  dgvData_RowDataBound(object sender, GridViewRowEventArgs e)At Line No. 0 Col 0
Exception : Object reference not set to an instance of an object.
LogDate : 11-05-2017 12:27:13 AM
User Name : 
-----------------------------------------------------------------------------------------------------
Message : frmDepartmentMaster -  dgvData_RowDataBound(object sender, GridViewRowEventArgs e)At Line No. 0 Col 0
Exception : Object reference not set to an instance of an object.
LogDate : 11-05-2017 12:27:13 AM
User Name : 
-----------------------------------------------------------------------------------------------------
Message : frmDepartmentMaster -  dgvData_RowDataBound(object sender, GridViewRowEventArgs e)At Line No. 0 Col 0
Exception : Object reference not set to an instance of an object.
LogDate : 11-05-2017 12:27:13 AM
User Name : 
-----------------------------------------------------------------------------------------------------
Message : frmDepartmentMaster -  dgvData_RowDataBound(object sender, GridViewRowEventArgs e)At Line No. 0 Col 0
Exception : Object reference not set to an instance of an object.
LogDate : 11-05-2017 12:27:13 AM
User Name : 
-----------------------------------------------------------------------------------------------------
Message : frmDepartmentMaster -  dgvData_RowDataBound(object sender, GridViewRowEventArgs e)At Line No. 0 Col 0
Exception : Object reference not set to an instance of an object.
LogDate : 11-05-2017 12:27:13 AM
User Name : 
-----------------------------------------------------------------------------------------------------
Message : frmDepartmentMaster -  dgvData_RowDataBound(object sender, GridViewRowEventArgs e)At Line No. 0 Col 0
Exception : Object reference not set to an instance of an object.
LogDate : 11-05-2017 12:27:13 AM
User Name : 
-----------------------------------------------------------------------------------------------------
Message : frmDepartmentMaster -  dgvData_RowDataBound(object sender, GridViewRowEventArgs e)At Line No. 0 Col 0
Exception : Object reference not set to an instance of an object.
LogDate : 11-05-2017 12:27:13 AM
User Name : 
-----------------------------------------------------------------------------------------------------
Message : frmDepartmentMaster -  dgvData_RowDataBound(object sender, GridViewRowEventArgs e)At Line No. 0 Col 0
Exception : Object reference not set to an instance of an object.
LogDate : 11-05-2017 12:27:13 AM
User Name : 
-----------------------------------------------------------------------------------------------------
Message : frmDepartmentMaster -  dgvData_RowDataBound(object sender, GridViewRowEventArgs e)At Line No. 0 Col 0
Exception : Object reference not set to an instance of an object.
LogDate : 11-05-2017 12:27:13 AM
User Name : 
-----------------------------------------------------------------------------------------------------
Message : frmDepartmentMaster -  dgvData_RowDataBound(object sender, GridViewRowEventArgs e)At Line No. 0 Col 0
Exception : Object reference not set to an instance of an object.
LogDate : 11-05-2017 12:27:13 AM
User Name : 
-----------------------------------------------------------------------------------------------------
Message : frmDepartmentMaster -  dgvData_RowDataBound(object sender, GridViewRowEventArgs e)At Line No. 0 Col 0
Exception : Object reference not set to an instance of an object.
LogDate : 11-05-2017 12:27:30 AM
User Name : 
-----------------------------------------------------------------------------------------------------
Message : frmDepartmentMaster -  dgvData_RowDataBound(object sender, GridViewRowEventArgs e)At Line No. 0 Col 0
Exception : Object reference not set to an instance of an object.
LogDate : 11-05-2017 12:27:30 AM
User Name : 
-----------------------------------------------------------------------------------------------------
Message : frmDepartmentMaster -  dgvData_RowDataBound(object sender, GridViewRowEventArgs e)At Line No. 0 Col 0
Exception : Object reference not set to an instance of an object.
LogDate : 11-05-2017 12:27:30 AM
User Name : 
-----------------------------------------------------------------------------------------------------
Message : frmDepartmentMaster -  dgvData_RowDataBound(object sender, GridViewRowEventArgs e)At Line No. 0 Col 0
Exception : Object reference not set to an instance of an object.
LogDate : 11-05-2017 12:27:30 AM
User Name : 
-----------------------------------------------------------------------------------------------------
Message : frmDepartmentMaster -  dgvData_RowDataBound(object sender, GridViewRowEventArgs e)At Line No. 0 Col 0
Exception : Object reference not set to an instance of an object.
LogDate : 11-05-2017 12:27:30 AM
User Name : 
-----------------------------------------------------------------------------------------------------
Message : frmDepartmentMaster -  dgvData_RowDataBound(object sender, GridViewRowEventArgs e)At Line No. 0 Col 0
Exception : Object reference not set to an instance of an object.
LogDate : 11-05-2017 12:27:30 AM
User Name : 
-----------------------------------------------------------------------------------------------------
Message : frmDepartmentMaster -  dgvData_RowDataBound(object sender, GridViewRowEventArgs e)At Line No. 0 Col 0
Exception : Object reference not set to an instance of an object.
LogDate : 11-05-2017 12:27:30 AM
User Name : 
-----------------------------------------------------------------------------------------------------
Message : frmDepartmentMaster -  dgvData_RowDataBound(object sender, GridViewRowEventArgs e)At Line No. 0 Col 0
Exception : Object reference not set to an instance of an object.
LogDate : 11-05-2017 12:27:30 AM
User Name : 
-----------------------------------------------------------------------------------------------------
Message : frmDepartmentMaster -  dgvData_RowDataBound(object sender, GridViewRowEventArgs e)At Line No. 0 Col 0
Exception : Object reference not set to an instance of an object.
LogDate : 11-05-2017 12:27:30 AM
User Name : 
-----------------------------------------------------------------------------------------------------
Message : frmDepartmentMaster -  dgvData_RowDataBound(object sender, GridViewRowEventArgs e)At Line No. 0 Col 0
Exception : Object reference not set to an instance of an object.
LogDate : 11-05-2017 12:27:30 AM
User Name : 
-----------------------------------------------------------------------------------------------------
Message : RegistrationBLL - GetDepartments()At Line No. 0 Col 0
Exception : Cannot open database "SevadhamHospital" requested by the login. The login failed.
Login failed for user 'sa'.
LogDate : 19-05-2017 04:22:46 PM
User Name : 
--------------------------------------------------------------------------------------------------------------
Message : Object reference not set to an instance of an object.At Line No. 0 Col 0
Exception : Object reference not set to an instance of an object.
LogDate : 27-05-2017 12:42:29 PM
---------------------------------------------------------------------------------------
Message : Object reference not set to an instance of an object.At Line No. 0 Col 0
Exception : Object reference not set to an instance of an object.
LogDate : 27-05-2017 02:10:12 PM
---------------------------------------------------------------------------------------
Message : Object reference not set to an instance of an object.At Line No. 0 Col 0
Exception : Object reference not set to an instance of an object.
LogDate : 27-05-2017 02:31:47 PM
---------------------------------------------------------------------------------------
Message : Object reference not set to an instance of an object.At Line No. 0 Col 0
Exception : Object reference not set to an instance of an object.
LogDate : 27-05-2017 02:42:20 PM
---------------------------------------------------------------------------------------
Message : Object reference not set to an instance of an object.At Line No. 0 Col 0
Exception : Object reference not set to an instance of an object.
LogDate : 27-05-2017 04:14:24 PM
---------------------------------------------------------------------------------------
